<?xml version="1.0" encoding="UTF-8"?>
<!-- Generated by org.testng.reporters.JUnitReportReporter -->
<testsuite skipped="0" hostname="Admin-PC" name="At_025.HomeWork9.FirstTest" tests="4" failures="0" timestamp="28 серп. 2018 22:57:48 GMT" time="137.246" errors="0">
  <testcase name="ResultIsEmpty" time="35.095" classname="At_025.HomeWork9.FirstTest"/>
  <testcase name="ResultIsNotEmpty" time="29.866" classname="At_025.HomeWork9.FirstTest"/>
  <testcase name="ResultIsNotEmpty" time="26.369" classname="At_025.HomeWork9.FirstTest"/>
  <testcase name="ResultIsEmpty" time="45.916" classname="At_025.HomeWork9.FirstTest"/>
</testsuite> <!-- At_025.HomeWork9.FirstTest -->
